nicholgarcia@MacBook-Air-de-Nichol Grua-RD % npx cap sync android
npx cap build android
✔ Copying web assets from public to android/app/src/main/assets/public in 70.51ms
✔ Creating capacitor.config.json in android/app/src/main/assets in 1.67ms
✔ copy android in 147.94ms
✔ Updating Android plugins in 24.44ms
[info] Found 6 Capacitor plugins for android:
       @capacitor/app@7.1.1
       @capacitor/camera@7.0.3
       @capacitor/filesystem@7.1.6
       @capacitor/geolocation@7.1.7
       @capacitor/network@7.0.3
       @capacitor/push-notifications@7.0.4
✖ update android - failed!
[error] TypeError: Cannot read properties of undefined (reading 'extract')
        at extractTemplate
        (/Users/nicholgarcia/Documents/Grua-RD/node_modules/@capacitor/cli/dist/util/template.js:9:25)
        at async removePluginsNativeFiles
        (/Users/nicholgarcia/Documents/Grua-RD/node_modules/@capacitor/cli/dist/android/update.js:294:5)
        at async updateAndroid
        (/Users/nicholgarcia/Documents/Grua-RD/node_modules/@capacitor/cli/dist/android/update.js:27:5)
        at async /Users/nicholgarcia/Documents/Grua-RD/node_modules/@capacitor/cli/dist/tasks/update.js:69:13
        at async runTask (/Users/nicholgarcia/Documents/Grua-RD/node_modules/@capacitor/cli/dist/common.js:178:23)
        at async update (/Users/nicholgarcia/Documents/Grua-RD/node_modules/@capacitor/cli/dist/tasks/update.js:63:5)
        at async sync (/Users/nicholgarcia/Documents/Grua-RD/node_modules/@capacitor/cli/dist/tasks/sync.js:52:5)
        at async syncCommand
        (/Users/nicholgarcia/Documents/Grua-RD/node_modules/@capacitor/cli/dist/tasks/sync.js:29:13)
        at async /Users/nicholgarcia/Documents/Grua-RD/node_modules/@capacitor/cli/dist/index.js:70:9
        at async /Users/nicholgarcia/Documents/Grua-RD/node_modules/@capacitor/cli/dist/telemetry.js:27:13
✖ Running Gradle build - failed!
[error] 
        > Configure project :app
        WARNING: Using flatDir should be avoided because it doesn't support any meta-data formats.
        
        FAILURE: Build failed with an exception.
        
        * Where:
        Script '/Users/nicholgarcia/Documents/Grua-RD/android/app/capacitor.build.gradle' line: 10
        
        * What went wrong:
        A problem occurred evaluating script.
        > Could not read script
        '/Users/nicholgarcia/Documents/Grua-RD/android/capacitor-cordova-android-plugins/cordova.variables.gradle' as it
        does not exist.
        
        * Try:
        > Run with --stacktrace option to get the stack trace.
        > Run with --info or --debug option to get more log output.
        > Run with --scan to get full insights.
        > Get more help at https://help.gradle.org.
        
        BUILD FAILED in 905ms
        
nicholgarcia@MacBook-Air-de-Nichol Grua-RD % 